<?xml version="1.0" encoding="UTF-8"?>
<!-- Generated by org.testng.reporters.JUnitXMLReporter -->
<testsuite ignored="0" hostname="DESKTOP-09FB4NU" failures="1" tests="14" name="Test" time="289.336" errors="0" timestamp="08 nov. 2023 17:51:00 GMT">
  <testcase classname="integrador.Laboratorio3_Test" name="registroUsuario" time="3.916"/>
  <testcase classname="integrador.Laboratorio1_Test" name="lab1_E1" time="62.308"/>
  <testcase classname="integrador.Laboratorio1_Test" name="lab1_E2" time="69.451"/>
  <testcase classname="integrador.Laboratorio1_Test" name="lab1_E3" time="14.917"/>
  <testcase classname="integrador.Laboratorio1_Test" name="lab1_test" time="0.001"/>
  <testcase classname="integrador.Laboratorio2_Test" name="lab2_E1" time="49.467">
    <failure type="org.openqa.selenium.TimeoutException" message="Expected condition failed: waiting for visibility of element located by By.id: days (tried for 30 second(s) with 500 milliseconds interval)
Build info: version: &amp;apos;4.15.0&amp;apos;, revision: &amp;apos;1d14b5521b&amp;apos;
System info: os.name: &amp;apos;Windows 10&amp;apos;, os.arch: &amp;apos;amd64&amp;apos;, os.version: &amp;apos;10.0&amp;apos;, java.version: &amp;apos;17.0.8.1&amp;apos;
Driver info: org.openqa.selenium.chrome.ChromeDriver
Capabilities {acceptInsecureCerts: false, browserName: chrome, browserVersion: 119.0.6045.106, chrome: {chromedriverVersion: 119.0.6045.105 (38c72552c5e..., userDataDir: C:\Users\kprec\AppData\Loca...}, fedcm:accounts: true, goog:chromeOptions: {debuggerAddress: localhost:59668}, networkConnectionEnabled: false, pageLoadStrategy: normal, platformName: windows, proxy: Proxy(), se:cdp: ws://localhost:59668/devtoo..., se:cdpVersion: 119.0.6045.106, setWindowRect: true, strictFileInteractability: false, timeouts: {implicit: 0, pageLoad: 300000, script: 30000}, unhandledPromptBehavior: dismiss and notify, webauthn:extension:credBlob: true, webauthn:extension:largeBlob: true, webauthn:extension:minPinLength: true, webauthn:extension:prf: true, webauthn:virtualAuthenticators: true}
Session ID: aa097c11fd5f4b9f63208f26f6aff680">
      <![CDATA[org.openqa.selenium.TimeoutException: Expected condition failed: waiting for visibility of element located by By.id: days (tried for 30 second(s) with 500 milliseconds interval)
Build info: version: '4.15.0', revision: '1d14b5521b'
System info: os.name: 'Windows 10', os.arch: 'amd64', os.version: '10.0', java.version: '17.0.8.1'
Driver info: org.openqa.selenium.chrome.ChromeDriver
Capabilities {acceptInsecureCerts: false, browserName: chrome, browserVersion: 119.0.6045.106, chrome: {chromedriverVersion: 119.0.6045.105 (38c72552c5e..., userDataDir: C:\Users\kprec\AppData\Loca...}, fedcm:accounts: true, goog:chromeOptions: {debuggerAddress: localhost:59668}, networkConnectionEnabled: false, pageLoadStrategy: normal, platformName: windows, proxy: Proxy(), se:cdp: ws://localhost:59668/devtoo..., se:cdpVersion: 119.0.6045.106, setWindowRect: true, strictFileInteractability: false, timeouts: {implicit: 0, pageLoad: 300000, script: 30000}, unhandledPromptBehavior: dismiss and notify, webauthn:extension:credBlob: true, webauthn:extension:largeBlob: true, webauthn:extension:minPinLength: true, webauthn:extension:prf: true, webauthn:virtualAuthenticators: true}
Session ID: aa097c11fd5f4b9f63208f26f6aff680
	at org.openqa.selenium.support.ui.WebDriverWait.timeoutException(WebDriverWait.java:84)
	at org.openqa.selenium.support.ui.FluentWait.until(FluentWait.java:229)
	at integrador.Laboratorio2_Test.lab2_E1(Laboratorio2_Test.java:60)
... Removed 25 stack frames]]>
    </failure>
  </testcase> <!-- lab2_E1 -->
  <testcase classname="pruebas.Laboratorio4_E1_Test" name="irRegistroLogin" time="0.02"/>
  <testcase classname="pruebas.Laboratorio4_E2_Test" name="inicioSesionInvalido" time="1.311"/>
  <testcase classname="integrador.Laboratorio5_E1_Test" name="adjuntarFile" time="1.185"/>
  <testcase classname="integrador.Laboratorio5_E2_Test" name="activarAlerta" time="1.144"/>
  <testcase classname="integrador.Laboratorio5_E3_Test" name="activarAlerta" time="0.019"/>
  <testcase classname="integrador.Laboratorio6_E1_Test" name="buscarPalabra" time="2.004"/>
  <testcase classname="integrador.Laboratorio6_E2_Test" name="buscarPalabra" time="5.635"/>
  <testcase classname="pruebas.Laboratorio4_E1_Test" name="crearCuentaInvalida" time="0.551"/>
</testsuite> <!-- Test -->
