<html>
<head>
<title>TestNG:  Test</title>
<link href="../testng.css" rel="stylesheet" type="text/css" />
<link href="../my-testng.css" rel="stylesheet" type="text/css" />

<style type="text/css">
.log { display: none;} 
.stack-trace { display: none;} 
</style>
<script type="text/javascript">
<!--
function flip(e) {
  current = e.style.display;
  if (current == 'block') {
    e.style.display = 'none';
    return 0;
  }
  else {
    e.style.display = 'block';
    return 1;
  }
}

function toggleBox(szDivId, elem, msg1, msg2)
{
  var res = -1;  if (document.getElementById) {
    res = flip(document.getElementById(szDivId));
  }
  else if (document.all) {
    // this is the way old msie versions work
    res = flip(document.all[szDivId]);
  }
  if(elem) {
    if(res == 0) elem.innerHTML = msg1; else elem.innerHTML = msg2;
  }

}

function toggleAllBoxes() {
  if (document.getElementsByTagName) {
    d = document.getElementsByTagName('div');
    for (i = 0; i < d.length; i++) {
      if (d[i].className == 'log') {
        flip(d[i]);
      }
    }
  }
}

// -->
</script>

</head>
<body>
<h2 align='center'>Test</h2><table border='1' align="center">
<tr>
<td>Tests passed/Failed/Skipped:</td><td>13/1/0</td>
</tr><tr>
<td>Started on:</td><td>Wed Nov 08 14:46:10 ART 2023</td>
</tr>
<tr><td>Total time:</td><td>289 seconds (289336 ms)</td>
</tr><tr>
<td>Included groups:</td><td></td>
</tr><tr>
<td>Excluded groups:</td><td></td>
</tr>
</table><p/>
<small><i>(Hover the method name to see the test class name)</i></small><p/>
<table width='100%' border='1' class='invocation-failed'>
<tr><td colspan='4' align='center'><b>FAILED TESTS</b></td></tr>
<tr><td><b>Test method</b></td>
<td width="30%"><b>Exception</b></td>
<td width="10%"><b>Time (seconds)</b></td>
<td><b>Instance</b></td>
</tr>
<tr>
<td title='integrador.Laboratorio2_Test.lab2_E1()'><b>lab2_E1</b><br>Test class: integrador.Laboratorio2_Test</td>
<td><div><pre>org.openqa.selenium.TimeoutException: Expected condition failed: waiting for visibility of element located by By.id: days (tried for 30 second(s) with 500 milliseconds interval)
Build info: version: &apos;4.15.0&apos;, revision: &apos;1d14b5521b&apos;
System info: os.name: &apos;Windows 10&apos;, os.arch: &apos;amd64&apos;, os.version: &apos;10.0&apos;, java.version: &apos;17.0.8.1&apos;
Driver info: org.openqa.selenium.chrome.ChromeDriver
Capabilities {acceptInsecureCerts: false, browserName: chrome, browserVersion: 119.0.6045.106, chrome: {chromedriverVersion: 119.0.6045.105 (38c72552c5e..., userDataDir: C:\Users\kprec\AppData\Loca...}, fedcm:accounts: true, goog:chromeOptions: {debuggerAddress: localhost:59668}, networkConnectionEnabled: false, pageLoadStrategy: normal, platformName: windows, proxy: Proxy(), se:cdp: ws://localhost:59668/devtoo..., se:cdpVersion: 119.0.6045.106, setWindowRect: true, strictFileInteractability: false, timeouts: {implicit: 0, pageLoad: 300000, script: 30000}, unhandledPromptBehavior: dismiss and notify, webauthn:extension:credBlob: true, webauthn:extension:largeBlob: true, webauthn:extension:minPinLength: true, webauthn:extension:prf: true, webauthn:virtualAuthenticators: true}
Session ID: aa097c11fd5f4b9f63208f26f6aff680
	at org.openqa.selenium.support.ui.WebDriverWait.timeoutException(WebDriverWait.java:84)
	at org.openqa.selenium.support.ui.FluentWait.until(FluentWait.java:229)
	at integrador.Laboratorio2_Test.lab2_E1(Laboratorio2_Test.java:60)
... Removed 25 stack frames</pre></div><a href='#' onClick='toggleBox("stack-trace2069229734", this, "Click to show all stack frames", "Click to hide stack frames")'>Click to show all stack frames</a>
<div class='stack-trace' id='stack-trace2069229734'><pre>org.openqa.selenium.TimeoutException: Expected condition failed: waiting for visibility of element located by By.id: days (tried for 30 second(s) with 500 milliseconds interval)
Build info: version: &apos;4.15.0&apos;, revision: &apos;1d14b5521b&apos;
System info: os.name: &apos;Windows 10&apos;, os.arch: &apos;amd64&apos;, os.version: &apos;10.0&apos;, java.version: &apos;17.0.8.1&apos;
Driver info: org.openqa.selenium.chrome.ChromeDriver
Capabilities {acceptInsecureCerts: false, browserName: chrome, browserVersion: 119.0.6045.106, chrome: {chromedriverVersion: 119.0.6045.105 (38c72552c5e..., userDataDir: C:\Users\kprec\AppData\Loca...}, fedcm:accounts: true, goog:chromeOptions: {debuggerAddress: localhost:59668}, networkConnectionEnabled: false, pageLoadStrategy: normal, platformName: windows, proxy: Proxy(), se:cdp: ws://localhost:59668/devtoo..., se:cdpVersion: 119.0.6045.106, setWindowRect: true, strictFileInteractability: false, timeouts: {implicit: 0, pageLoad: 300000, script: 30000}, unhandledPromptBehavior: dismiss and notify, webauthn:extension:credBlob: true, webauthn:extension:largeBlob: true, webauthn:extension:minPinLength: true, webauthn:extension:prf: true, webauthn:virtualAuthenticators: true}
Session ID: aa097c11fd5f4b9f63208f26f6aff680
	at org.openqa.selenium.support.ui.WebDriverWait.timeoutException(WebDriverWait.java:84)
	at org.openqa.selenium.support.ui.FluentWait.until(FluentWait.java:229)
	at integrador.Laboratorio2_Test.lab2_E1(Laboratorio2_Test.java:60)
	at java.base/jdk.internal.reflect.NativeMethodAccessorImpl.invoke0(Native Method)
	at java.base/jdk.internal.reflect.NativeMethodAccessorImpl.invoke(NativeMethodAccessorImpl.java:77)
	at java.base/jdk.internal.reflect.DelegatingMethodAccessorImpl.invoke(DelegatingMethodAccessorImpl.java:43)
	at java.base/java.lang.reflect.Method.invoke(Method.java:568)
	at org.testng.internal.MethodInvocationHelper.invokeMethod(MethodInvocationHelper.java:108)
	at org.testng.internal.Invoker.invokeMethod(Invoker.java:661)
	at org.testng.internal.Invoker.invokeTestMethod(Invoker.java:869)
	at org.testng.internal.Invoker.invokeTestMethods(Invoker.java:1193)
	at org.testng.internal.TestMethodWorker.invokeTestMethods(TestMethodWorker.java:126)
	at org.testng.internal.TestMethodWorker.run(TestMethodWorker.java:109)
	at org.testng.TestRunner.privateRun(TestRunner.java:744)
	at org.testng.TestRunner.run(TestRunner.java:602)
	at org.testng.SuiteRunner.runTest(SuiteRunner.java:380)
	at org.testng.SuiteRunner.runSequentially(SuiteRunner.java:375)
	at org.testng.SuiteRunner.privateRun(SuiteRunner.java:340)
	at org.testng.SuiteRunner.run(SuiteRunner.java:289)
	at org.testng.SuiteRunnerWorker.runSuite(SuiteRunnerWorker.java:52)
	at org.testng.SuiteRunnerWorker.run(SuiteRunnerWorker.java:86)
	at org.testng.TestNG.runSuitesSequentially(TestNG.java:1301)
	at org.testng.TestNG.runSuitesLocally(TestNG.java:1226)
	at org.testng.TestNG.runSuites(TestNG.java:1144)
	at org.testng.TestNG.run(TestNG.java:1115)
	at org.testng.remote.AbstractRemoteTestNG.run(AbstractRemoteTestNG.java:115)
	at org.testng.remote.RemoteTestNG.initAndRun(RemoteTestNG.java:251)
	at org.testng.remote.RemoteTestNG.main(RemoteTestNG.java:77)
</pre></div></td>
<td>49</td>
<td>integrador.Laboratorio2_Test@5b5caf08</td></tr>
</table><p>
<table width='100%' border='1' class='invocation-passed'>
<tr><td colspan='4' align='center'><b>PASSED TESTS</b></td></tr>
<tr><td><b>Test method</b></td>
<td width="30%"><b>Exception</b></td>
<td width="10%"><b>Time (seconds)</b></td>
<td><b>Instance</b></td>
</tr>
<tr>
<td title='integrador.Laboratorio5_E2_Test.activarAlerta()'><b>activarAlerta</b><br>Test class: integrador.Laboratorio5_E2_Test</td>
<td></td>
<td>1</td>
<td>integrador.Laboratorio5_E2_Test@28952dea</td></tr>
<tr>
<td title='integrador.Laboratorio5_E3_Test.activarAlerta()'><b>activarAlerta</b><br>Test class: integrador.Laboratorio5_E3_Test</td>
<td></td>
<td>0</td>
<td>integrador.Laboratorio5_E3_Test@5a9800f8</td></tr>
<tr>
<td title='integrador.Laboratorio5_E1_Test.adjuntarFile()'><b>adjuntarFile</b><br>Test class: integrador.Laboratorio5_E1_Test</td>
<td></td>
<td>1</td>
<td>integrador.Laboratorio5_E1_Test@23eee4b8</td></tr>
<tr>
<td title='integrador.Laboratorio6_E1_Test.buscarPalabra()'><b>buscarPalabra</b><br>Test class: integrador.Laboratorio6_E1_Test</td>
<td></td>
<td>2</td>
<td>integrador.Laboratorio6_E1_Test@143d9a93</td></tr>
<tr>
<td title='integrador.Laboratorio6_E2_Test.buscarPalabra()'><b>buscarPalabra</b><br>Test class: integrador.Laboratorio6_E2_Test</td>
<td></td>
<td>5</td>
<td>integrador.Laboratorio6_E2_Test@40226788</td></tr>
<tr>
<td title='pruebas.Laboratorio4_E1_Test.crearCuentaInvalida()'><b>crearCuentaInvalida</b><br>Test class: pruebas.Laboratorio4_E1_Test</td>
<td></td>
<td>0</td>
<td>pruebas.Laboratorio4_E1_Test@5d05ef57</td></tr>
<tr>
<td title='pruebas.Laboratorio4_E2_Test.inicioSesionInvalido()'><b>inicioSesionInvalido</b><br>Test class: pruebas.Laboratorio4_E2_Test<br>Parameters: irwin.mayer@gmail.com, 0zresagp38</td>
<td></td>
<td>1</td>
<td>pruebas.Laboratorio4_E2_Test@213deac2</td></tr>
<tr>
<td title='pruebas.Laboratorio4_E1_Test.irRegistroLogin()'><b>irRegistroLogin</b><br>Test class: pruebas.Laboratorio4_E1_Test</td>
<td></td>
<td>0</td>
<td>pruebas.Laboratorio4_E1_Test@5d05ef57</td></tr>
<tr>
<td title='integrador.Laboratorio1_Test.lab1_E1()'><b>lab1_E1</b><br>Test class: integrador.Laboratorio1_Test</td>
<td></td>
<td>62</td>
<td>integrador.Laboratorio1_Test@4159e81b</td></tr>
<tr>
<td title='integrador.Laboratorio1_Test.lab1_E2()'><b>lab1_E2</b><br>Test class: integrador.Laboratorio1_Test</td>
<td></td>
<td>69</td>
<td>integrador.Laboratorio1_Test@4159e81b</td></tr>
<tr>
<td title='integrador.Laboratorio1_Test.lab1_E3()'><b>lab1_E3</b><br>Test class: integrador.Laboratorio1_Test</td>
<td></td>
<td>14</td>
<td>integrador.Laboratorio1_Test@4159e81b</td></tr>
<tr>
<td title='integrador.Laboratorio1_Test.lab1_test()'><b>lab1_test</b><br>Test class: integrador.Laboratorio1_Test</td>
<td></td>
<td>0</td>
<td>integrador.Laboratorio1_Test@4159e81b</td></tr>
<tr>
<td title='integrador.Laboratorio3_Test.registroUsuario()'><b>registroUsuario</b><br>Test class: integrador.Laboratorio3_Test</td>
<td></td>
<td>3</td>
<td>integrador.Laboratorio3_Test@4a183d02</td></tr>
</table><p>
</body>
</html>